<?xml version="1.0" encoding="UTF-8"?>
<!-- Generated by org.testng.reporters.JUnitReportReporter -->
<testsuite hostname="CLESANE-W7" name="webdriver.netcollector" tests="1" failures="0" timestamp="9 Jun 2016 01:46:19 GMT" time="32.016" errors="0">
  <testcase name="netcollector_hp" time="32.016" classname="webdriver.netcollector"/>
</testsuite> <!-- webdriver.netcollector -->
