<?xml version="1.0" encoding="UTF-8"?>
<!-- Generated by org.testng.reporters.JUnitReportReporter -->
<testsuite hostname="CLESANE-W7" name="webdriver.screenshotonfail" tests="1" failures="0" timestamp="14 Jun 2016 01:49:45 GMT" time="38.417" errors="0">
  <testcase name="riverbedsupport" time="38.417" classname="webdriver.screenshotonfail"/>
</testsuite> <!-- webdriver.screenshotonfail -->
