<?xml version="1.0" encoding="UTF-8"?>
<!-- Generated by org.testng.reporters.JUnitReportReporter -->
<testsuite hostname="CLESANE-W7" name="com.riverbed.webdriver.screenshotonfail" tests="1" failures="0" timestamp="14 Jun 2016 12:34:11 GMT" time="31.349" errors="0">
  <testcase name="riverbedsupport" time="31.349" classname="com.riverbed.webdriver.screenshotonfail"/>
</testsuite> <!-- com.riverbed.webdriver.screenshotonfail -->
